<?xml version="1.0" encoding="UTF-8"?>
<testsuite xmlns:xsi="http://www.w3.org/2001/XMLSchema-instance" xsi:noNamespaceSchemaLocation="https://maven.apache.org/surefire/maven-surefire-plugin/xsd/surefire-test-report-3.0.xsd" version="3.0" name="TestSuite" time="3.835" tests="3" errors="0" skipped="0" failures="0">
  <properties>
[...]
</properties>
  <testcase name="runScenario[&quot;Testing params in steps&quot;, &quot;Login feature&quot;](3)" classname="com.app.runner.CucumberRunnerTestsDB" time="0.614">
    <system-out><![CDATA[
@testParams @DB @tag1
Scenario Outline: Testing params in steps # src/test/resources/features/DBFeatures.feature:23

@testParams @DB @tag1
Scenario Outline: Testing params in steps # src/test/resources/features/DBFeatures.feature:24

@testParams @DB @tag1
Scenario: Testing params in steps    # src/test/resources/features/DBFeatures.feature:4
[INFO ] 2024-04-01 15:28:37.209 [TestNG-PoolService-2] ApplicationHooks - ***************Initiate dB Connection***************
[INFO ] 2024-04-01 15:28:37.209 [TestNG-PoolService-1] ApplicationHooks - ***************Initiate dB Connection***************
[INFO ] 2024-04-01 15:28:37.209 [TestNG-PoolService-0] ApplicationHooks - ***************Initiate dB Connection***************
[INFO ] 2024-04-01 15:28:37.221 [TestNG-PoolService-1] LoginPageStepDef - BeforeStep
[INFO ] 2024-04-01 15:28:37.221 [TestNG-PoolService-0] LoginPageStepDef - BeforeStep
[INFO ] 2024-04-01 15:28:37.221 [TestNG-PoolService-2] LoginPageStepDef - BeforeStep
[INFO ] 2024-04-01 15:28:37.227 [TestNG-PoolService-0] MoneyCtrlPageStepDef - BeforeStep
[INFO ] 2024-04-01 15:28:37.227 [TestNG-PoolService-2] MoneyCtrlPageStepDef - BeforeStep
[INFO ] 2024-04-01 15:28:37.227 [TestNG-PoolService-1] MoneyCtrlPageStepDef - BeforeStep
[INFO ] 2024-04-01 15:28:37.238 [TestNG-PoolService-1] dbOpsStepDefAPI - Multiplication of numbers Number 1: 12; Number 2: 15 is: 180
[INFO ] 2024-04-01 15:28:37.238 [TestNG-PoolService-0] dbOpsStepDefAPI - Multiplication of numbers Number 1: 12; Number 2: 15 is: 180
  Then user multiplies "12" and "15"      # com.app.stepDefs.dbOpsStepDefAPI.userMultipliesTwoNumbers(java.lang.String,java.lang.String)
[INFO ] 2024-04-01 15:28:37.238 [TestNG-PoolService-2] dbOpsStepDefAPI - Multiplication of numbers Number 1: 12; Number 2: 15 is: 180
  Then user multiplies "12" and "15"      # com.app.stepDefs.dbOpsStepDefAPI.userMultipliesTwoNumbers(java.lang.String,java.lang.String)
  Then user multiplies "12" and "15" # com.app.stepDefs.dbOpsStepDefAPI.userMultipliesTwoNumbers(java.lang.String,java.lang.String)
[INFO ] 2024-04-01 15:28:37.240 [TestNG-PoolService-1] LoginPageStepDef - BeforeStep
[INFO ] 2024-04-01 15:28:37.240 [TestNG-PoolService-2] LoginPageStepDef - BeforeStep
[INFO ] 2024-04-01 15:28:37.240 [TestNG-PoolService-0] LoginPageStepDef - BeforeStep
[INFO ] 2024-04-01 15:28:37.242 [TestNG-PoolService-0] MoneyCtrlPageStepDef - BeforeStep
[INFO ] 2024-04-01 15:28:37.245 [TestNG-PoolService-1] MoneyCtrlPageStepDef - BeforeStep
[INFO ] 2024-04-01 15:28:37.245 [TestNG-PoolService-2] MoneyCtrlPageStepDef - BeforeStep
  Then tests pipe separated params   # com.app.stepDefs.dbOpsStepDefAPI.testsPipeSeparatedParams(io.cucumber.datatable.DataTable)
    | Hello |
    | My    |
    | Name  |
    | Is    |
    | Mr    |
    | Hamid |
    | Raza  |
[INFO ] 2024-04-01 15:28:37.249 [TestNG-PoolService-2] dbOpsStepDefAPI - Multiplication of numbers Number 1: 51; Number 2: 11 is: 561
  Then user multiplies "51" and "11"      # com.app.stepDefs.dbOpsStepDefAPI.userMultipliesTwoNumbers(java.lang.String,java.lang.String)
[INFO ] 2024-04-01 15:28:37.250 [TestNG-PoolService-0] ApplicationHooks - ***************CLOSE dB Connection***************
[INFO ] 2024-04-01 15:28:37.250 [TestNG-PoolService-1] dbOpsStepDefAPI - Multiplication of numbers Number 1: 21; Number 2: 17 is: 357
  Then user multiplies "21" and "17"      # com.app.stepDefs.dbOpsStepDefAPI.userMultipliesTwoNumbers(java.lang.String,java.lang.String)
[INFO ] 2024-04-01 15:28:37.251 [TestNG-PoolService-2] ApplicationHooks - ***************CLOSE dB Connection***************
[INFO ] 2024-04-01 15:28:37.251 [TestNG-PoolService-1] ApplicationHooks - ***************CLOSE dB Connection***************
]]></system-out>
  </testcase>
  <testcase name="runScenario[&quot;Testing params in steps&quot;, &quot;Login feature&quot;](3)" classname="com.app.runner.CucumberRunnerTestsDB" time="0.614"/>
  <testcase name="runScenario[&quot;Testing params in steps&quot;, &quot;Login feature&quot;](3)" classname="com.app.runner.CucumberRunnerTestsDB" time="0.614"/>
</testsuite>