<?xml version="1.0" encoding="UTF-8"?>
<testng-results ignored="0" total="3" passed="3" failed="0" skipped="0">
  <reporter-output>
  </reporter-output>
  <suite started-at="2024-03-25T21:46:51 IST" name="Default suite" finished-at="2024-03-25T21:46:54 IST" duration-ms="3590">
    <groups>
      <group name="cucumber">
        <method signature="AbstractTestNGCucumberTests.runScenario(io.cucumber.testng.PickleWrapper,io.cucumber.testng.FeatureWrapper)[pri:0, instance:com.app.runner.CucumberRunnerTestsDB@8458f04]" name="runScenario" class="io.cucumber.testng.AbstractTestNGCucumberTests"/>
      </group> <!-- cucumber -->
    </groups>
    <test started-at="2024-03-25T21:46:51 IST" name="Default test" finished-at="2024-03-25T21:46:54 IST" duration-ms="3590">
      <class name="com.app.runner.CucumberRunnerTestsDB">
        <test-method is-config="true" signature="setUpClass(org.testng.ITestContext)[pri:0, instance:com.app.runner.CucumberRunnerTestsDB@8458f04]" started-at="2024-03-25T21:46:51 IST" name="setUpClass" finished-at="2024-03-25T21:46:52 IST" duration-ms="939" status="PASS">
          <params>
            <param index="0">
              <value>
                <![CDATA[org.testng.TestRunner@4a660b34]]>
              </value>
            </param>
          </params>
          <reporter-output>
          </reporter-output>
        </test-method> <!-- setUpClass -->
        <test-method signature="runScenario(io.cucumber.testng.PickleWrapper,io.cucumber.testng.FeatureWrapper)[pri:0, instance:com.app.runner.CucumberRunnerTestsDB@8458f04]" started-at="2024-03-25T21:46:52 IST" name="runScenario" description="Runs Cucumber Scenarios" data-provider="scenarios" finished-at="2024-03-25T21:46:52 IST" duration-ms="639" status="PASS">
          <params>
            <param index="0">
              <value>
                <![CDATA["Testing params in steps"]]>
              </value>
            </param>
            <param index="1">
              <value>
                <![CDATA["Login feature"]]>
              </value>
            </param>
          </params>
          <reporter-output>
          </reporter-output>
        </test-method> <!-- runScenario -->
        <test-method signature="runScenario(io.cucumber.testng.PickleWrapper,io.cucumber.testng.FeatureWrapper)[pri:0, instance:com.app.runner.CucumberRunnerTestsDB@8458f04]" started-at="2024-03-25T21:46:52 IST" name="runScenario" description="Runs Cucumber Scenarios" data-provider="scenarios" finished-at="2024-03-25T21:46:52 IST" duration-ms="27" status="PASS">
          <params>
            <param index="0">
              <value>
                <![CDATA["Testing params in steps"]]>
              </value>
            </param>
            <param index="1">
              <value>
                <![CDATA["Login feature"]]>
              </value>
            </param>
          </params>
          <reporter-output>
          </reporter-output>
        </test-method> <!-- runScenario -->
        <test-method signature="runScenario(io.cucumber.testng.PickleWrapper,io.cucumber.testng.FeatureWrapper)[pri:0, instance:com.app.runner.CucumberRunnerTestsDB@8458f04]" started-at="2024-03-25T21:46:52 IST" name="runScenario" description="Runs Cucumber Scenarios" data-provider="scenarios" finished-at="2024-03-25T21:46:52 IST" duration-ms="14" status="PASS">
          <params>
            <param index="0">
              <value>
                <![CDATA["Testing params in steps"]]>
              </value>
            </param>
            <param index="1">
              <value>
                <![CDATA["Login feature"]]>
              </value>
            </param>
          </params>
          <reporter-output>
          </reporter-output>
        </test-method> <!-- runScenario -->
        <test-method is-config="true" signature="tearDownClass()[pri:0, instance:com.app.runner.CucumberRunnerTestsDB@8458f04]" started-at="2024-03-25T21:46:52 IST" name="tearDownClass" finished-at="2024-03-25T21:46:54 IST" duration-ms="1935" status="PASS">
          <reporter-output>
          </reporter-output>
        </test-method> <!-- tearDownClass -->
      </class> <!-- com.app.runner.CucumberRunnerTestsDB -->
    </test> <!-- Default test -->
  </suite> <!-- Default suite -->
</testng-results>
