<?xml version="1.0" encoding="UTF-8"?>
<testng-results ignored="0" total="5" passed="5" failed="0" skipped="0">
  <reporter-output>
    <line>
      <![CDATA[<br><img src='C:\GitClones\CucuTestNGReportingProProject\NewProject/Screenshots/29-Jul-2023/Logging in_29Jul2023_06-20-17.png' height='598' width='1366'/></br>]]>
    </line>
    <line>
      <![CDATA[<br><img src='C:\GitClones\CucuTestNGReportingProProject\NewProject/Screenshots/29-Jul-2023/Logging in_29Jul2023_06-20-34.png' height='598' width='1366'/></br>]]>
    </line>
  </reporter-output>
  <suite started-at="2023-07-29T06:20:06 IST" name="Default suite" finished-at="2023-07-29T06:20:37 IST" duration-ms="30816">
    <groups>
      <group name="cucumber">
        <method signature="AbstractTestNGCucumberTests.runScenario(io.cucumber.testng.PickleWrapper,io.cucumber.testng.FeatureWrapper)[pri:0, instance:com.app.runner.CucumberRunnerTests@26d9b808]" name="runScenario" class="io.cucumber.testng.AbstractTestNGCucumberTests"/>
      </group> <!-- cucumber -->
    </groups>
    <test started-at="2023-07-29T06:20:06 IST" name="Default test" finished-at="2023-07-29T06:20:37 IST" duration-ms="30816">
      <class name="com.app.runner.CucumberRunnerTests">
        <test-method is-config="true" signature="setUpClass(org.testng.ITestContext)[pri:0, instance:com.app.runner.CucumberRunnerTests@26d9b808]" started-at="2023-07-29T06:20:06 IST" name="setUpClass" finished-at="2023-07-29T06:20:07 IST" duration-ms="622" status="PASS">
          <params>
            <param index="0">
              <value>
                <![CDATA[org.testng.TestRunner@70f4abc1]]>
              </value>
            </param>
          </params>
          <reporter-output>
          </reporter-output>
        </test-method> <!-- setUpClass -->
        <test-method signature="runScenario(io.cucumber.testng.PickleWrapper,io.cucumber.testng.FeatureWrapper)[pri:0, instance:com.app.runner.CucumberRunnerTests@26d9b808]" started-at="2023-07-29T06:20:07 IST" name="runScenario" description="Runs Cucumber Scenarios" data-provider="scenarios" finished-at="2023-07-29T06:20:09 IST" duration-ms="2646" status="PASS">
          <params>
            <param index="0">
              <value>
                <![CDATA["Testing params in steps"]]>
              </value>
            </param>
            <param index="1">
              <value>
                <![CDATA["Login feature"]]>
              </value>
            </param>
          </params>
          <reporter-output>
          </reporter-output>
        </test-method> <!-- runScenario -->
        <test-method signature="runScenario(io.cucumber.testng.PickleWrapper,io.cucumber.testng.FeatureWrapper)[pri:0, instance:com.app.runner.CucumberRunnerTests@26d9b808]" started-at="2023-07-29T06:20:09 IST" name="runScenario" description="Runs Cucumber Scenarios" data-provider="scenarios" finished-at="2023-07-29T06:20:09 IST" duration-ms="38" status="PASS">
          <params>
            <param index="0">
              <value>
                <![CDATA["Testing params in steps"]]>
              </value>
            </param>
            <param index="1">
              <value>
                <![CDATA["Login feature"]]>
              </value>
            </param>
          </params>
          <reporter-output>
          </reporter-output>
        </test-method> <!-- runScenario -->
        <test-method signature="runScenario(io.cucumber.testng.PickleWrapper,io.cucumber.testng.FeatureWrapper)[pri:0, instance:com.app.runner.CucumberRunnerTests@26d9b808]" started-at="2023-07-29T06:20:09 IST" name="runScenario" description="Runs Cucumber Scenarios" data-provider="scenarios" finished-at="2023-07-29T06:20:09 IST" duration-ms="28" status="PASS">
          <params>
            <param index="0">
              <value>
                <![CDATA["Testing params in steps"]]>
              </value>
            </param>
            <param index="1">
              <value>
                <![CDATA["Login feature"]]>
              </value>
            </param>
          </params>
          <reporter-output>
          </reporter-output>
        </test-method> <!-- runScenario -->
        <test-method signature="runScenario(io.cucumber.testng.PickleWrapper,io.cucumber.testng.FeatureWrapper)[pri:0, instance:com.app.runner.CucumberRunnerTests@26d9b808]" started-at="2023-07-29T06:20:09 IST" name="runScenario" description="Runs Cucumber Scenarios" data-provider="scenarios" finished-at="2023-07-29T06:20:17 IST" duration-ms="7925" status="PASS">
          <params>
            <param index="0">
              <value>
                <![CDATA["Logging in to the system scenrio one"]]>
              </value>
            </param>
            <param index="1">
              <value>
                <![CDATA["Login feature"]]>
              </value>
            </param>
          </params>
          <reporter-output>
            <line>
              <![CDATA[<br><img src='C:\GitClones\CucuTestNGReportingProProject\NewProject/Screenshots/29-Jul-2023/Logging in_29Jul2023_06-20-17.png' height='598' width='1366'/></br>]]>
            </line>
          </reporter-output>
        </test-method> <!-- runScenario -->
        <test-method signature="runScenario(io.cucumber.testng.PickleWrapper,io.cucumber.testng.FeatureWrapper)[pri:0, instance:com.app.runner.CucumberRunnerTests@26d9b808]" started-at="2023-07-29T06:20:17 IST" name="runScenario" description="Runs Cucumber Scenarios" data-provider="scenarios" finished-at="2023-07-29T06:20:34 IST" duration-ms="17069" status="PASS">
          <params>
            <param index="0">
              <value>
                <![CDATA["Logging in to the system scenrio two"]]>
              </value>
            </param>
            <param index="1">
              <value>
                <![CDATA["Login feature"]]>
              </value>
            </param>
          </params>
          <reporter-output>
            <line>
              <![CDATA[<br><img src='C:\GitClones\CucuTestNGReportingProProject\NewProject/Screenshots/29-Jul-2023/Logging in_29Jul2023_06-20-34.png' height='598' width='1366'/></br>]]>
            </line>
          </reporter-output>
        </test-method> <!-- runScenario -->
        <test-method is-config="true" signature="tearDownClass()[pri:0, instance:com.app.runner.CucumberRunnerTests@26d9b808]" started-at="2023-07-29T06:20:34 IST" name="tearDownClass" finished-at="2023-07-29T06:20:37 IST" duration-ms="2427" status="PASS">
          <reporter-output>
          </reporter-output>
        </test-method> <!-- tearDownClass -->
      </class> <!-- com.app.runner.CucumberRunnerTests -->
    </test> <!-- Default test -->
  </suite> <!-- Default suite -->
</testng-results>
